\BOOKMARK [1][-]{section.1}{\376\377\000E\000d\000u\000c\000a\000t\000i\000o\000n}{}% 1
\BOOKMARK [0][-]{cvsubsection.1}{\376\377\000U\000n\000i\000v\000e\000r\000s\000i\000t\000y\000\040\000o\000f\000\040\000B\000i\000r\000m\000i\000n\000g\000h\000a\000m}{}% 2
\BOOKMARK [0][-]{cvsubsection.2}{\376\377\000U\000n\000i\000v\000e\000r\000s\000i\000t\000y\000\040\000o\000f\000\040\000N\000o\000t\000t\000i\000n\000g\000h\000a\000m}{}% 3
\BOOKMARK [0][-]{cvsubsection.3}{\376\377\000I\000m\000p\000e\000r\000i\000a\000l\000\040\000C\000o\000l\000l\000e\000g\000e\000\040\000L\000o\000n\000d\000o\000n}{}% 4
\BOOKMARK [1][-]{section.2}{\376\377\000E\000m\000p\000l\000o\000y\000m\000e\000n\000t}{cvsubsection.3}% 5
\BOOKMARK [0][-]{cvsubsection.4}{\376\377\000U\000n\000i\000v\000e\000r\000s\000i\000t\000y\000\040\000o\000f\000\040\000R\000e\000a\000d\000i\000n\000g}{}% 6
\BOOKMARK [0][-]{cvsubsection.5}{\376\377\000U\000n\000i\000v\000e\000r\000s\000i\000t\000y\000\040\000o\000f\000\040\000R\000e\000a\000d\000i\000n\000g}{}% 7
\BOOKMARK [0][-]{cvsubsection.6}{\376\377\000U\000n\000i\000v\000e\000r\000s\000i\000t\000y\000\040\000o\000f\000\040\000R\000e\000a\000d\000i\000n\000g}{}% 8
\BOOKMARK [1][-]{section.3}{\376\377\000A\000w\000a\000r\000d\000s\000\040\000a\000n\000d\000\040\000G\000r\000a\000n\000t\000s}{cvsubsection.6}% 9
\BOOKMARK [0][-]{cvsubsectionnarrow.1}{\376\377\000\243\0003\0000\0000}{}% 10
\BOOKMARK [0][-]{cvsubsectionnarrow.2}{\376\377\000\243\0002\000,\0005\0000\0000}{}% 11
\BOOKMARK [0][-]{cvsubsectionnarrow.3}{\376\377\000\243\0001\0000\0000\000,\0000\0000\0000}{}% 12
\BOOKMARK [0][-]{cvsubsectionnarrow.4}{\376\377\000\243\0003\0000\0000}{}% 13
\BOOKMARK [1][-]{section.4}{\376\377\000T\000e\000a\000c\000h\000i\000n\000g}{cvsubsectionnarrow.4}% 14
\BOOKMARK [0][-]{cvsubsectionnarrow.5}{\376\377\000U\000n\000i\000v\000e\000r\000s\000i\000t\000y\000\040\000o\000f\000\040\000B\000i\000r\000m\000i\000n\000g\000h\000a\000m}{}% 15
\BOOKMARK [0][-]{cvsubsectionnarrow.6}{\376\377\000U\000n\000i\000v\000e\000r\000s\000i\000t\000y\000\040\000o\000f\000\040\000R\000e\000a\000d\000i\000n\000g}{}% 16
\BOOKMARK [1][-]{section.5}{\376\377\000M\000e\000n\000t\000o\000r\000i\000n\000g\000\040\000a\000n\000d\000\040\000O\000u\000t\000r\000e\000a\000c\000h}{cvsubsectionnarrow.6}% 17
\BOOKMARK [0][-]{cvsubsection.7}{\376\377\000P\000r\000o\000j\000e\000c\000t\000\040\000A\000c\000c\000e\000s\000s}{}% 18
\BOOKMARK [0][-]{cvsubsection.8}{\376\377\000O\000H\000B\000M}{}% 19
\BOOKMARK [0][-]{cvsubsection.9}{\376\377\000i\000n\0002\000S\000c\000i\000e\000n\000c\000e}{}% 20
\BOOKMARK [0][-]{cvsubsection.10}{\376\377\000S\000T\000E\000M\000\040\000L\000e\000a\000r\000n\000i\000n\000g}{}% 21
\BOOKMARK [0][-]{cvsubsection.11}{\376\377\000U\000n\000i\000v\000e\000r\000s\000i\000t\000y\000\040\000o\000f\000\040\000R\000e\000a\000d\000i\000n\000g}{}% 22
\BOOKMARK [1][-]{section.6}{\376\377\000M\000e\000m\000b\000e\000r\000s\000h\000i\000p\000s\000\040\000a\000n\000d\000\040\000A\000f\000f\000i\000l\000i\000a\000t\000i\000o\000n\000s}{cvsubsection.11}% 23
\BOOKMARK [0][-]{cvsubsection.12}{\376\377\000U\000n\000i\000v\000e\000r\000s\000i\000t\000y\000\040\000o\000f\000\040\000B\000i\000r\000m\000i\000n\000g\000h\000a\000m}{}% 24
\BOOKMARK [0][-]{cvsubsection.13}{\376\377\000U\000n\000i\000v\000e\000r\000s\000i\000t\000y\000\040\000o\000f\000\040\000B\000i\000r\000m\000i\000n\000g\000h\000a\000m}{}% 25
\BOOKMARK [0][-]{cvsubsection.14}{\376\377\000B\000r\000i\000t\000i\000s\000h\000\040\000A\000s\000s\000o\000c\000i\000a\000t\000i\000o\000n\000\040\000f\000o\000r\000\040\000C\000o\000g\000n\000i\000t\000i\000v\000e\000\040\000S\000c\000i\000e\000n\000c\000e}{}% 26
\BOOKMARK [0][-]{cvsubsection.15}{\376\377\000C\000l\000u\000b\000\040\000A\000l\000p\000b\000a\000c\000h\000\040\000L\000o\000n\000d\000o\000n}{}% 27
\BOOKMARK [0][-]{cvsubsection.16}{\376\377\000U\000n\000i\000v\000e\000r\000s\000i\000t\000y\000\040\000o\000f\000\040\000B\000i\000r\000m\000i\000n\000g\000h\000a\000m}{}% 28
\BOOKMARK [1][-]{section.7}{\376\377\000P\000a\000p\000e\000r\000s}{cvsubsection.16}% 29
\BOOKMARK [1][-]{section.8}{\376\377\000P\000o\000s\000t\000e\000r\000s}{cvsubsection.16}% 30
\BOOKMARK [1][-]{section.9}{\376\377\000S\000k\000i\000l\000l\000s}{cvsubsection.16}% 31
\BOOKMARK [0][-]{cvsubsectionnarrow.7}{}{}% 32
\BOOKMARK [0][-]{cvsubsectionnarrow.8}{}{}% 33
\BOOKMARK [0][-]{cvsubsectionnarrow.9}{}{}% 34
\BOOKMARK [1][-]{section.10}{\376\377\000R\000e\000f\000e\000r\000e\000n\000c\000e\000s}{cvsubsectionnarrow.9}% 35
